[2022-05-26 14:05:07 +0800] [3065152] [INFO] Starting gunicorn 20.1.0
[2022-05-26 14:05:07 +0800] [3065152] [ERROR] Connection in use: ('0.0.0.0', 8170)
[2022-05-26 14:05:07 +0800] [3065152] [ERROR] Retrying in 1 second.
[2022-05-26 14:05:08 +0800] [3065152] [ERROR] Connection in use: ('0.0.0.0', 8170)
[2022-05-26 14:05:08 +0800] [3065152] [ERROR] Retrying in 1 second.
[2022-05-26 14:05:09 +0800] [3065152] [ERROR] Connection in use: ('0.0.0.0', 8170)
[2022-05-26 14:05:09 +0800] [3065152] [ERROR] Retrying in 1 second.
[2022-05-26 14:05:10 +0800] [3065152] [ERROR] Connection in use: ('0.0.0.0', 8170)
[2022-05-26 14:05:10 +0800] [3065152] [ERROR] Retrying in 1 second.
[2022-05-26 14:05:11 +0800] [3065152] [ERROR] Connection in use: ('0.0.0.0', 8170)
[2022-05-26 14:05:11 +0800] [3065152] [ERROR] Retrying in 1 second.
[2022-05-26 14:05:12 +0800] [3065152] [ERROR] Can't connect to ('0.0.0.0', 8170)
[2022-05-26 14:05:51 +0800] [3066010] [INFO] Starting gunicorn 20.1.0
[2022-05-26 14:05:51 +0800] [3066010] [ERROR] Connection in use: ('127.0.0.1', 8170)
[2022-05-26 14:05:51 +0800] [3066010] [ERROR] Retrying in 1 second.
[2022-05-26 14:05:52 +0800] [3066010] [ERROR] Connection in use: ('127.0.0.1', 8170)
[2022-05-26 14:05:52 +0800] [3066010] [ERROR] Retrying in 1 second.
[2022-05-26 14:05:53 +0800] [3066010] [ERROR] Connection in use: ('127.0.0.1', 8170)
[2022-05-26 14:05:53 +0800] [3066010] [ERROR] Retrying in 1 second.
[2022-05-26 14:05:54 +0800] [3066010] [ERROR] Connection in use: ('127.0.0.1', 8170)
[2022-05-26 14:05:54 +0800] [3066010] [ERROR] Retrying in 1 second.
[2022-05-26 14:05:55 +0800] [3066010] [ERROR] Connection in use: ('127.0.0.1', 8170)
[2022-05-26 14:05:55 +0800] [3066010] [ERROR] Retrying in 1 second.
[2022-05-26 14:05:56 +0800] [3066010] [ERROR] Can't connect to ('127.0.0.1', 8170)
[2022-05-26 14:06:59 +0800] [3067152] [INFO] Starting gunicorn 20.1.0
[2022-05-26 14:06:59 +0800] [3067152] [INFO] Listening at: http://127.0.0.1:8170 (3067152)
[2022-05-26 14:06:59 +0800] [3067152] [INFO] Using worker: gevent
[2022-05-26 14:06:59 +0800] [3067154] [INFO] Booting worker with pid: 3067154
[2022-05-26 14:06:59 +0800] [3067155] [INFO] Booting worker with pid: 3067155
[2022-05-26 14:06:59 +0800] [3067156] [INFO] Booting worker with pid: 3067156
[2022-05-26 14:06:59 +0800] [3067157] [INFO] Booting worker with pid: 3067157
[2022-05-26 14:26:18 +0800] [3067152] [CRITICAL] WORKER TIMEOUT (pid:3067155)
[2022-05-26 14:26:21 +0800] [3067155] [INFO] Worker exiting (pid: 3067155)
[2022-05-26 14:26:21 +0800] [3086181] [INFO] Booting worker with pid: 3086181
[2022-05-26 14:44:33 +0800] [3067152] [INFO] Handling signal: term
[2022-05-26 14:44:33 +0800] [3067157] [INFO] Worker exiting (pid: 3067157)
[2022-05-26 14:44:34 +0800] [3067154] [INFO] Worker exiting (pid: 3067154)
[2022-05-26 14:44:34 +0800] [3086181] [INFO] Worker exiting (pid: 3086181)
[2022-05-26 14:44:38 +0800] [3104779] [INFO] Starting gunicorn 20.1.0
[2022-05-26 14:45:03 +0800] [3067152] [INFO] Shutting down: Master
[2022-05-26 15:04:53 +0800] [3128335] [INFO] Starting gunicorn 20.1.0
[2022-05-26 15:04:53 +0800] [3128335] [INFO] Listening at: http://127.0.0.1:8170 (3128335)
[2022-05-26 15:04:53 +0800] [3128335] [INFO] Using worker: gevent
[2022-05-26 15:04:53 +0800] [3128337] [INFO] Booting worker with pid: 3128337
[2022-05-26 15:04:53 +0800] [3128338] [INFO] Booting worker with pid: 3128338
[2022-05-26 15:04:53 +0800] [3128339] [INFO] Booting worker with pid: 3128339
[2022-05-26 15:04:53 +0800] [3128340] [INFO] Booting worker with pid: 3128340
[2022-05-26 20:18:41 +0800] [3128335] [CRITICAL] WORKER TIMEOUT (pid:3128338)
[2022-05-26 20:19:12 +0800] [3128338] [WARNING] Worker graceful timeout (pid:3128338)
[2022-05-26 20:19:13 +0800] [3128338] [INFO] Worker exiting (pid: 3128338)
[2022-05-26 20:19:13 +0800] [3429270] [INFO] Booting worker with pid: 3429270
[2022-05-26 23:23:03 +0800] [3128335] [CRITICAL] WORKER TIMEOUT (pid:3429270)
[2022-05-26 23:23:06 +0800] [3429270] [INFO] Worker exiting (pid: 3429270)
[2022-05-26 23:23:07 +0800] [3607027] [INFO] Booting worker with pid: 3607027
[2022-05-27 03:18:18 +0800] [3128335] [CRITICAL] WORKER TIMEOUT (pid:3607027)
[2022-05-27 03:18:20 +0800] [3607027] [INFO] Worker exiting (pid: 3607027)
[2022-05-27 03:18:20 +0800] [3829922] [INFO] Booting worker with pid: 3829922
[2022-05-27 03:42:55 +0800] [3128335] [CRITICAL] WORKER TIMEOUT (pid:3829922)
[2022-05-27 03:42:58 +0800] [3829922] [INFO] Worker exiting (pid: 3829922)
[2022-05-27 03:42:58 +0800] [3853221] [INFO] Booting worker with pid: 3853221
[2022-05-27 05:30:49 +0800] [3128335] [CRITICAL] WORKER TIMEOUT (pid:3853221)
[2022-05-27 05:30:51 +0800] [3853221] [INFO] Worker exiting (pid: 3853221)
[2022-05-27 05:30:52 +0800] [3955963] [INFO] Booting worker with pid: 3955963
[2022-05-27 06:49:14 +0800] [3128335] [CRITICAL] WORKER TIMEOUT (pid:3955963)
[2022-05-27 06:49:17 +0800] [3955963] [INFO] Worker exiting (pid: 3955963)
[2022-05-27 06:49:17 +0800] [4030129] [INFO] Booting worker with pid: 4030129
[2022-05-27 07:32:19 +0800] [3128335] [CRITICAL] WORKER TIMEOUT (pid:3128337)
[2022-05-27 07:32:50 +0800] [3128337] [WARNING] Worker graceful timeout (pid:3128337)
[2022-05-27 07:32:54 +0800] [3128337] [INFO] Worker exiting (pid: 3128337)
[2022-05-27 07:32:55 +0800] [4071827] [INFO] Booting worker with pid: 4071827
[2022-05-27 08:35:36 +0800] [3128335] [CRITICAL] WORKER TIMEOUT (pid:4030129)
[2022-05-27 08:36:19 +0800] [4030129] [WARNING] Worker graceful timeout (pid:4030129)
[2022-05-27 08:36:20 +0800] [4030129] [INFO] Worker exiting (pid: 4030129)
[2022-05-27 08:36:21 +0800] [4132673] [INFO] Booting worker with pid: 4132673
[2022-05-27 09:22:25 +0800] [3128335] [CRITICAL] WORKER TIMEOUT (pid:4071827)
[2022-05-27 09:22:55 +0800] [4071827] [WARNING] Worker graceful timeout (pid:4071827)
[2022-05-27 09:22:56 +0800] [4071827] [INFO] Worker exiting (pid: 4071827)
[2022-05-27 09:22:56 +0800] [4177639] [INFO] Booting worker with pid: 4177639
[2022-05-27 09:48:24 +0800] [3128335] [CRITICAL] WORKER TIMEOUT (pid:4132673)
[2022-05-27 09:48:26 +0800] [4132673] [INFO] Worker exiting (pid: 4132673)
[2022-05-27 09:48:26 +0800] [7780] [INFO] Booting worker with pid: 7780
[2022-05-27 12:47:49 +0800] [3128335] [CRITICAL] WORKER TIMEOUT (pid:3128340)
[2022-05-27 12:47:53 +0800] [3128340] [INFO] Worker exiting (pid: 3128340)
[2022-05-27 12:47:53 +0800] [177228] [INFO] Booting worker with pid: 177228
[2022-05-27 12:57:21 +0800] [3128335] [CRITICAL] WORKER TIMEOUT (pid:177228)
[2022-05-27 12:57:24 +0800] [177228] [INFO] Worker exiting (pid: 177228)
[2022-05-27 12:57:24 +0800] [186161] [INFO] Booting worker with pid: 186161
[2022-05-27 13:18:55 +0800] [3128335] [CRITICAL] WORKER TIMEOUT (pid:4177639)
[2022-05-27 13:19:25 +0800] [4177639] [WARNING] Worker graceful timeout (pid:4177639)
[2022-05-27 13:19:26 +0800] [4177639] [INFO] Worker exiting (pid: 4177639)
[2022-05-27 13:19:26 +0800] [206974] [INFO] Booting worker with pid: 206974
[2022-05-27 13:40:45 +0800] [3128335] [CRITICAL] WORKER TIMEOUT (pid:7780)
[2022-05-27 13:40:48 +0800] [7780] [INFO] Worker exiting (pid: 7780)
[2022-05-27 13:40:48 +0800] [227921] [INFO] Booting worker with pid: 227921
[2022-05-27 13:59:15 +0800] [3128335] [INFO] Handling signal: term
[2022-05-27 13:59:16 +0800] [186161] [INFO] Worker exiting (pid: 186161)
[2022-05-27 13:59:24 +0800] [206974] [INFO] Worker exiting (pid: 206974)
[2022-05-27 13:59:26 +0800] [245935] [INFO] Starting gunicorn 20.1.0
[2022-05-27 13:59:45 +0800] [3128335] [INFO] Shutting down: Master
